2019-07-12 09:53:16,153 desired_caps.py[line:32] INFO start app......
2019-07-12 11:16:36,745 desired_caps.py[line:32] INFO start app......
2019-07-12 11:17:04,386 desired_caps.py[line:32] INFO start app......
2019-07-12 11:19:01,933 desired_caps.py[line:32] INFO start app......
2019-07-12 11:21:17,463 desired_caps.py[line:32] INFO start app......
2019-07-12 11:23:20,458 desired_caps.py[line:32] INFO start app......
2019-07-12 11:24:08,350 desired_caps.py[line:32] INFO start app......
2019-07-12 11:26:43,148 desired_caps.py[line:32] INFO start app......
2019-07-12 11:27:08,893 desired_caps.py[line:32] INFO start app......
2019-07-12 11:30:04,140 desired_caps.py[line:32] INFO start app......
2019-07-12 11:31:27,195 desired_caps.py[line:32] INFO start app......
2019-07-12 11:32:23,114 desired_caps.py[line:32] INFO start app......
2019-07-12 11:33:52,191 desired_caps.py[line:32] INFO start app......
2019-07-12 11:34:10,924 desired_caps.py[line:32] INFO start app......
2019-07-12 11:35:34,621 desired_caps.py[line:32] INFO start app......
2019-07-12 11:36:04,144 desired_caps.py[line:32] INFO start app......
2019-07-12 11:41:01,988 desired_caps.py[line:32] INFO start app......
2019-07-12 11:41:56,937 desired_caps.py[line:32] INFO start app......
2019-07-12 11:42:30,301 desired_caps.py[line:32] INFO start app......
2019-07-12 11:43:27,551 desired_caps.py[line:32] INFO start app......
2019-07-12 14:22:11,983 desired_caps.py[line:32] INFO start app......
2019-07-12 14:31:36,394 desired_caps.py[line:32] INFO start app......
2019-07-12 14:34:03,150 desired_caps.py[line:32] INFO start app......
2019-07-12 14:34:16,980 desired_caps.py[line:32] INFO start app......
2019-07-12 14:35:30,617 desired_caps.py[line:32] INFO start app......
2019-07-12 14:36:46,902 desired_caps.py[line:32] INFO start app......
2019-07-12 14:37:59,275 desired_caps.py[line:32] INFO start app......
2019-07-12 14:38:48,245 desired_caps.py[line:32] INFO start app......
2019-07-12 14:40:33,566 desired_caps.py[line:32] INFO start app......
2019-07-12 14:42:16,522 desired_caps.py[line:32] INFO start app......
2019-07-12 15:28:52,437 desired_caps.py[line:32] INFO start app......
2019-07-12 16:11:36,615 desired_caps.py[line:32] INFO start app......
2019-07-12 16:12:30,838 desired_caps.py[line:32] INFO start app......
2019-07-12 16:13:05,978 desired_caps.py[line:32] INFO start app......
2019-07-12 16:30:35,054 desired_caps.py[line:32] INFO start app......
2019-07-12 16:56:03,980 desired_caps.py[line:32] INFO start app......
2019-07-12 16:58:53,736 desired_caps.py[line:32] INFO start app......
2019-07-12 17:00:29,098 desired_caps.py[line:32] INFO start app......
2019-07-12 17:01:51,025 desired_caps.py[line:32] INFO start app......
2019-07-12 17:02:49,633 desired_caps.py[line:32] INFO start app......
2019-07-12 17:03:21,436 desired_caps.py[line:32] INFO start app......
2019-07-12 17:04:05,562 desired_caps.py[line:32] INFO start app......
2019-07-12 17:05:42,534 desired_caps.py[line:32] INFO start app......
2019-07-12 17:32:43,912 desired_caps.py[line:32] INFO start app......
2019-07-12 17:33:41,612 desired_caps.py[line:32] INFO start app......
2019-07-12 17:35:26,323 desired_caps.py[line:32] INFO start app......
2019-07-12 17:37:23,639 desired_caps.py[line:32] INFO start app......
2019-07-12 17:38:04,899 desired_caps.py[line:32] INFO start app......
2019-07-12 17:39:58,054 desired_caps.py[line:32] INFO start app......
2019-07-12 17:43:26,228 desired_caps.py[line:32] INFO start app......
2019-07-12 17:45:15,109 desired_caps.py[line:32] INFO start app......
2019-07-12 17:45:43,137 desired_caps.py[line:32] INFO start app......
2019-07-12 17:46:14,980 desired_caps.py[line:32] INFO start app......
2019-07-12 18:03:49,309 desired_caps.py[line:32] INFO start app......
2019-07-12 18:03:56,744 login_view.py[line:37] INFO ============login_action==============
2019-07-12 18:03:56,744 login_view.py[line:38] INFO username is:15616699600
2019-07-12 18:04:36,029 desired_caps.py[line:32] INFO start app......
2019-07-12 18:04:44,567 login_view.py[line:37] INFO ============login_action==============
2019-07-12 18:04:44,567 login_view.py[line:38] INFO username is:15616699600
2019-07-12 18:04:51,905 login_view.py[line:42] INFO password is:zh123123
2019-07-12 18:04:57,475 login_view.py[line:45] INFO click loginBtn
2019-07-12 18:04:58,347 login_view.py[line:48] INFO login finished!
2019-07-13 15:42:34,285 desired_caps.py[line:32] INFO start app......
2019-07-13 15:43:00,175 desired_caps.py[line:32] INFO start app......
2019-07-13 15:43:44,739 desired_caps.py[line:32] INFO start app......
2019-07-13 15:45:28,208 desired_caps.py[line:32] INFO start app......
2019-07-13 16:08:49,516 desired_caps.py[line:32] INFO start app......
2019-07-13 16:08:55,640 login_view.py[line:44] INFO ============login_action==============
2019-07-13 16:08:55,640 login_view.py[line:45] INFO username is:15616699600
2019-07-13 16:09:04,030 login_view.py[line:49] INFO password is:zh123123
2019-07-13 16:09:10,642 login_view.py[line:52] INFO click loginBtn
2019-07-13 16:09:13,566 login_view.py[line:55] INFO login finished!
2019-07-13 17:46:24,342 desired_caps.py[line:32] INFO start app......
2019-07-13 17:48:44,855 desired_caps.py[line:32] INFO start app......
2019-07-13 17:49:25,413 desired_caps.py[line:32] INFO start app......
2019-07-13 17:56:53,240 desired_cap.py[line:32] INFO start app......
2019-07-13 17:57:42,506 desired_cap.py[line:32] INFO start app......
2019-07-13 17:58:17,030 desired_cap.py[line:32] INFO start app......
2019-07-13 18:01:04,433 desired_cap.py[line:32] INFO start app......
2019-07-13 18:02:17,803 desired_cap.py[line:32] INFO start app......
2019-07-13 18:02:25,980 login_view.py[line:12] INFO ============login_action==============
2019-07-13 18:02:25,980 login_view.py[line:13] INFO username is:15616699600
2019-07-13 18:08:41,033 desired_cap.py[line:32] INFO start app......
2019-07-13 18:08:49,313 login_view.py[line:12] INFO ============login_action==============
2019-07-13 18:08:49,313 login_view.py[line:13] INFO username is:15616699600
2019-07-13 18:10:21,805 desired_cap.py[line:32] INFO start app......
2019-07-13 18:10:30,232 login_view.py[line:12] INFO ============login_action==============
2019-07-13 18:10:30,234 login_view.py[line:13] INFO username is:15616699600
2019-07-13 18:13:29,517 desired_cap.py[line:32] INFO start app......
2019-07-13 18:13:37,993 login_view.py[line:12] INFO ============login_action==============
2019-07-13 18:13:37,994 login_view.py[line:13] INFO username is:15616699600
2019-07-14 10:24:04,701 desired_cap.py[line:32] INFO start app......
2019-07-14 10:24:16,140 login_view.py[line:12] INFO ============login_action==============
2019-07-14 10:24:16,140 login_view.py[line:13] INFO username is:15616699600
2019-07-14 10:27:47,961 desired_cap.py[line:32] INFO start app......
2019-07-14 10:27:56,313 login_view.py[line:12] INFO ============login_action==============
2019-07-14 10:27:56,313 login_view.py[line:13] INFO username is:15616699600
2019-07-14 10:30:46,256 desired_cap.py[line:32] INFO start app......
2019-07-14 10:30:54,669 login_view.py[line:12] INFO ============login_action==============
2019-07-14 10:30:54,669 login_view.py[line:13] INFO username is:15616699600
2019-07-14 10:33:08,626 desired_cap.py[line:32] INFO start app......
2019-07-14 10:33:17,509 login_view.py[line:12] INFO ============login_action==============
2019-07-14 10:33:17,510 login_view.py[line:13] INFO username is:15616699600
2019-07-14 10:34:24,796 desired_cap.py[line:32] INFO start app......
2019-07-14 10:34:33,170 login_view.py[line:12] INFO ============login_action==============
2019-07-14 10:34:33,170 login_view.py[line:13] INFO username is:15616699600
2019-07-14 10:41:01,064 desired_cap.py[line:32] INFO start app......
2019-07-14 10:41:09,553 login_view.py[line:13] INFO ============login_action==============
2019-07-14 10:41:09,553 login_view.py[line:14] INFO username is:15616699600
2019-07-14 10:43:34,220 desired_cap.py[line:32] INFO start app......
2019-07-14 10:43:46,758 login_view.py[line:13] INFO ============login_action==============
2019-07-14 10:43:46,759 login_view.py[line:14] INFO username is:15616699600
2019-07-14 10:55:40,380 desired_cap.py[line:32] INFO start app......
2019-07-14 10:55:49,858 login_view.py[line:14] INFO ============login_action==============
2019-07-14 10:55:49,858 login_view.py[line:15] INFO username is:15616699600
2019-07-14 10:56:13,919 desired_cap.py[line:32] INFO start app......
2019-07-14 10:56:22,509 login_view.py[line:14] INFO ============login_action==============
2019-07-14 10:56:22,509 login_view.py[line:15] INFO username is:15616699600
2019-07-14 10:58:26,725 desired_cap.py[line:32] INFO start app......
2019-07-14 10:58:35,616 login_view.py[line:14] INFO ============login_action==============
2019-07-14 10:58:35,617 login_view.py[line:15] INFO username is:15616699600
2019-07-14 10:58:48,223 login_view.py[line:20] INFO password is:zh123123
2019-07-14 10:58:54,637 login_view.py[line:24] INFO click loginBtn
2019-07-14 10:58:57,756 login_view.py[line:28] INFO login finished!
2019-07-14 11:05:15,278 desired_cap.py[line:32] INFO start app......
2019-07-14 11:05:23,421 login_view.py[line:14] INFO ============login_action==============
2019-07-14 11:05:23,421 login_view.py[line:15] INFO username is:15616699600
2019-07-14 11:10:59,948 desired_cap.py[line:32] INFO start app......
2019-07-14 11:11:08,501 login_view.py[line:14] INFO ============login_action==============
2019-07-14 11:11:08,501 login_view.py[line:15] INFO username is:15616699600
2019-07-14 11:11:47,934 desired_cap.py[line:32] INFO start app......
2019-07-14 11:11:56,680 login_view.py[line:14] INFO ============login_action==============
2019-07-14 11:11:56,680 login_view.py[line:15] INFO username is:15616699600
2019-07-14 14:15:00,666 desired_cap.py[line:32] INFO start app......
2019-07-14 14:15:09,127 login_view.py[line:14] INFO ============login_action==============
2019-07-14 14:15:09,128 login_view.py[line:15] INFO username is:15616699600
2019-07-14 14:15:20,415 login_view.py[line:21] INFO password is:zh123123
2019-07-14 14:17:13,905 desired_cap.py[line:32] INFO start app......
2019-07-14 14:17:22,808 login_view.py[line:14] INFO ============login_action==============
2019-07-14 14:17:22,808 login_view.py[line:15] INFO username is:15616699600
2019-07-14 14:17:38,854 desired_cap.py[line:32] INFO start app......
2019-07-14 14:17:47,642 login_view.py[line:14] INFO ============login_action==============
2019-07-14 14:17:47,642 login_view.py[line:15] INFO username is:15616699600
2019-07-14 14:17:58,201 desired_cap.py[line:32] INFO start app......
2019-07-14 14:18:06,995 login_view.py[line:14] INFO ============login_action==============
2019-07-14 14:18:06,995 login_view.py[line:15] INFO username is:15616699600
2019-07-14 14:18:17,543 login_view.py[line:19] INFO password is:zh123123
2019-07-14 14:18:51,238 desired_cap.py[line:32] INFO start app......
2019-07-14 14:19:00,832 login_view.py[line:14] INFO ============login_action==============
2019-07-14 14:19:00,832 login_view.py[line:15] INFO username is:15616699600
2019-07-14 14:19:10,744 login_view.py[line:19] INFO password is:zh123123
2019-07-14 14:19:17,699 login_view.py[line:22] INFO click loginBtn
2019-07-14 14:19:18,658 login_view.py[line:26] INFO login finished!
2019-07-14 15:15:01,442 desired_cap.py[line:32] INFO start app......
2019-07-14 15:16:44,899 desired_cap.py[line:32] INFO start app......
2019-07-14 15:17:14,872 desired_cap.py[line:32] INFO start app......
2019-07-14 15:17:44,994 desired_cap.py[line:32] INFO start app......
2019-07-14 15:18:20,690 desired_cap.py[line:32] INFO start app......
